<?xml version="1.0" encoding="UTF-8"?>
<!-- Generated by org.testng.reporters.JUnitReportReporter -->
<testsuite hostname="DESKTOP-M9CQU4F" failures="0" tests="3" name="sauceRunner.LoginFunctionalityRunner" time="10.267" errors="0" timestamp="2024-09-22T13:39:58 IST" skipped="0">
  <testcase classname="sauceRunner.LoginFunctionalityRunner" name="runScenario" time="2.952"/>
  <system-out/>
  <testcase classname="sauceRunner.LoginFunctionalityRunner" name="runScenario" time="2.497"/>
  <system-out/>
  <testcase classname="sauceRunner.LoginFunctionalityRunner" name="runScenario" time="4.818"/>
  <system-out/>
</testsuite> <!-- sauceRunner.LoginFunctionalityRunner -->
