<?xml version="1.0" encoding="UTF-8"?>
<!-- Generated by org.testng.reporters.JUnitReportReporter -->
<testsuite hostname="DESKTOP-M9CQU4F" failures="0" tests="3" name="sauceRunner.CartFunctionalityRunner" time="10.859" errors="0" timestamp="2024-09-22T13:42:21 IST" skipped="0">
  <testcase classname="sauceRunner.CartFunctionalityRunner" name="runScenario" time="4.050"/>
  <system-out/>
  <testcase classname="sauceRunner.CartFunctionalityRunner" name="runScenario" time="3.703"/>
  <system-out/>
  <testcase classname="sauceRunner.CartFunctionalityRunner" name="runScenario" time="3.106"/>
  <system-out/>
</testsuite> <!-- sauceRunner.CartFunctionalityRunner -->
