<?xml version="1.0" encoding="UTF-8"?>
<!-- Generated by org.testng.reporters.JUnitReportReporter -->
<testsuite hostname="DESKTOP-M9CQU4F" failures="0" tests="2" name="sauceRunner.NavigationRunner" time="7.187" errors="0" timestamp="2024-09-22T13:43:30 IST" skipped="0">
  <testcase classname="sauceRunner.NavigationRunner" name="runScenario" time="3.867"/>
  <system-out/>
  <testcase classname="sauceRunner.NavigationRunner" name="runScenario" time="3.320"/>
  <system-out/>
</testsuite> <!-- sauceRunner.NavigationRunner -->
