<?xml version="1.0" encoding="UTF-8"?>
<!-- Generated by org.testng.reporters.JUnitReportReporter -->
<testsuite hostname="DESKTOP-M9CQU4F" failures="0" tests="3" name="sauceRunner.ProductpageRunner" time="10.251" errors="0" timestamp="2024-09-22T13:44:26 IST" skipped="0">
  <testcase classname="sauceRunner.ProductpageRunner" name="runScenario" time="3.788"/>
  <system-out/>
  <testcase classname="sauceRunner.ProductpageRunner" name="runScenario" time="3.006"/>
  <system-out/>
  <testcase classname="sauceRunner.ProductpageRunner" name="runScenario" time="3.457"/>
  <system-out/>
</testsuite> <!-- sauceRunner.ProductpageRunner -->
